{"E:\\My Projects\\spaceX-react-tailwind\\src\\App.jsx": {"path":"E:\\My Projects\\spaceX-react-tailwind\\src\\App.jsx","statementMap":{"0":{"start":{"line":9,"column":2},"end":{"line":17,"column":4}}},"fnMap":{"0":{"name":"App","decl":{"start":{"line":8,"column":9},"end":{"line":8,"column":12}},"loc":{"start":{"line":8,"column":15},"end":{"line":18,"column":1}},"line":8}},"branchMap":{},"s":{"0":0},"f":{"0":0},"b":{}}
,"E:\\My Projects\\spaceX-react-tailwind\\src\\actions.jsx": {"path":"E:\\My Projects\\spaceX-react-tailwind\\src\\actions.jsx","statementMap":{"0":{"start":{"line":1,"column":33},"end":{"line":1,"column":52}},"1":{"start":{"line":2,"column":42},"end":{"line":2,"column":70}},"2":{"start":{"line":5,"column":2},"end":{"line":8,"column":4}},"3":{"start":{"line":12,"column":2},"end":{"line":15,"column":4}}},"fnMap":{"0":{"name":"setCapsulesData","decl":{"start":{"line":4,"column":16},"end":{"line":4,"column":31}},"loc":{"start":{"line":4,"column":38},"end":{"line":9,"column":1}},"line":4},"1":{"name":"setFilteredCapsulesData","decl":{"start":{"line":11,"column":16},"end":{"line":11,"column":39}},"loc":{"start":{"line":11,"column":46},"end":{"line":16,"column":1}},"line":11}},"branchMap":{},"s":{"0":0,"1":0,"2":0,"3":0},"f":{"0":0,"1":0},"b":{}}
,"E:\\My Projects\\spaceX-react-tailwind\\src\\main.jsx": {"path":"E:\\My Projects\\spaceX-react-tailwind\\src\\main.jsx","statementMap":{"0":{"start":{"line":6,"column":0},"end":{"line":10,"column":2}}},"fnMap":{},"branchMap":{},"s":{"0":0},"f":{},"b":{}}
,"E:\\My Projects\\spaceX-react-tailwind\\src\\utils.jsx": {"path":"E:\\My Projects\\spaceX-react-tailwind\\src\\utils.jsx","statementMap":{"0":{"start":{"line":2,"column":2},"end":{"line":2,"column":68}}},"fnMap":{"0":{"name":"capitalize","decl":{"start":{"line":1,"column":16},"end":{"line":1,"column":26}},"loc":{"start":{"line":1,"column":35},"end":{"line":3,"column":1}},"line":1}},"branchMap":{"0":{"loc":{"start":{"line":2,"column":9},"end":{"line":2,"column":67}},"type":"binary-expr","locations":[{"start":{"line":2,"column":9},"end":{"line":2,"column":15}},{"start":{"line":2,"column":19},"end":{"line":2,"column":67}}],"line":2}},"s":{"0":0},"f":{"0":0},"b":{"0":[0,0]}}
,"E:\\My Projects\\spaceX-react-tailwind\\src\\components\\Cards.jsx": {"path":"E:\\My Projects\\spaceX-react-tailwind\\src\\components\\Cards.jsx","statementMap":{"0":{"start":{"line":5,"column":2},"end":{"line":42,"column":4}},"1":{"start":{"line":45,"column":0},"end":{"line":52,"column":2}}},"fnMap":{"0":{"name":"Cards","decl":{"start":{"line":4,"column":9},"end":{"line":4,"column":14}},"loc":{"start":{"line":4,"column":79},"end":{"line":43,"column":1}},"line":4}},"branchMap":{"0":{"loc":{"start":{"line":28,"column":10},"end":{"line":28,"column":29}},"type":"binary-expr","locations":[{"start":{"line":28,"column":10},"end":{"line":28,"column":16}},{"start":{"line":28,"column":20},"end":{"line":28,"column":29}}],"line":28},"1":{"loc":{"start":{"line":30,"column":9},"end":{"line":34,"column":9}},"type":"binary-expr","locations":[{"start":{"line":30,"column":9},"end":{"line":30,"column":22}},{"start":{"line":31,"column":10},"end":{"line":33,"column":17}}],"line":30},"2":{"loc":{"start":{"line":35,"column":9},"end":{"line":39,"column":9}},"type":"binary-expr","locations":[{"start":{"line":35,"column":9},"end":{"line":35,"column":19}},{"start":{"line":36,"column":10},"end":{"line":38,"column":17}}],"line":35}},"s":{"0":0,"1":0},"f":{"0":0},"b":{"0":[0,0],"1":[0,0],"2":[0,0]}}
,"E:\\My Projects\\spaceX-react-tailwind\\src\\components\\InputSelect.jsx": {"path":"E:\\My Projects\\spaceX-react-tailwind\\src\\components\\InputSelect.jsx","statementMap":{"0":{"start":{"line":6,"column":2},"end":{"line":6,"column":42}},"1":{"start":{"line":6,"column":33},"end":{"line":6,"column":40}},"2":{"start":{"line":7,"column":2},"end":{"line":7,"column":34}},"3":{"start":{"line":8,"column":2},"end":{"line":33,"column":4}},"4":{"start":{"line":21,"column":29},"end":{"line":21,"column":32}},"5":{"start":{"line":22,"column":10},"end":{"line":25,"column":11}},"6":{"start":{"line":23,"column":12},"end":{"line":23,"column":50}},"7":{"start":{"line":24,"column":12},"end":{"line":24,"column":55}},"8":{"start":{"line":26,"column":10},"end":{"line":30,"column":12}},"9":{"start":{"line":36,"column":0},"end":{"line":41,"column":2}}},"fnMap":{"0":{"name":"InputSelect","decl":{"start":{"line":5,"column":9},"end":{"line":5,"column":20}},"loc":{"start":{"line":5,"column":55},"end":{"line":34,"column":1}},"line":5},"1":{"name":"(anonymous_1)","decl":{"start":{"line":6,"column":24},"end":{"line":6,"column":25}},"loc":{"start":{"line":6,"column":33},"end":{"line":6,"column":40}},"line":6},"2":{"name":"(anonymous_2)","decl":{"start":{"line":20,"column":20},"end":{"line":20,"column":21}},"loc":{"start":{"line":20,"column":36},"end":{"line":31,"column":9}},"line":20}},"branchMap":{"0":{"loc":{"start":{"line":16,"column":8},"end":{"line":16,"column":56}},"type":"cond-expr","locations":[{"start":{"line":16,"column":35},"end":{"line":16,"column":37}},{"start":{"line":16,"column":40},"end":{"line":16,"column":56}}],"line":16},"1":{"loc":{"start":{"line":18,"column":7},"end":{"line":31,"column":10}},"type":"binary-expr","locations":[{"start":{"line":18,"column":7},"end":{"line":18,"column":14}},{"start":{"line":19,"column":8},"end":{"line":19,"column":22}},{"start":{"line":20,"column":8},"end":{"line":31,"column":10}}],"line":18},"2":{"loc":{"start":{"line":22,"column":10},"end":{"line":25,"column":11}},"type":"if","locations":[{"start":{"line":22,"column":10},"end":{"line":25,"column":11}},{"start":{},"end":{}}],"line":22}},"s":{"0":0,"1":0,"2":0,"3":0,"4":0,"5":0,"6":0,"7":0,"8":0,"9":0},"f":{"0":0,"1":0,"2":0},"b":{"0":[0,0],"1":[0,0,0],"2":[0,0]}}
,"E:\\My Projects\\spaceX-react-tailwind\\src\\components\\Pagination.jsx": {"path":"E:\\My Projects\\spaceX-react-tailwind\\src\\components\\Pagination.jsx","statementMap":{"0":{"start":{"line":11,"column":2},"end":{"line":57,"column":4}},"1":{"start":{"line":37,"column":14},"end":{"line":37,"column":29}},"2":{"start":{"line":47,"column":14},"end":{"line":47,"column":30}},"3":{"start":{"line":60,"column":0},"end":{"line":66,"column":2}}},"fnMap":{"0":{"name":"Pagination","decl":{"start":{"line":4,"column":24},"end":{"line":4,"column":34}},"loc":{"start":{"line":10,"column":3},"end":{"line":58,"column":1}},"line":10},"1":{"name":"(anonymous_1)","decl":{"start":{"line":36,"column":21},"end":{"line":36,"column":22}},"loc":{"start":{"line":36,"column":27},"end":{"line":38,"column":13}},"line":36},"2":{"name":"(anonymous_2)","decl":{"start":{"line":46,"column":21},"end":{"line":46,"column":22}},"loc":{"start":{"line":46,"column":27},"end":{"line":48,"column":13}},"line":46}},"branchMap":{"0":{"loc":{"start":{"line":20,"column":13},"end":{"line":22,"column":26}},"type":"cond-expr","locations":[{"start":{"line":21,"column":16},"end":{"line":21,"column":42}},{"start":{"line":22,"column":16},"end":{"line":22,"column":26}}],"line":20}},"s":{"0":0,"1":0,"2":0,"3":0},"f":{"0":0,"1":0,"2":0},"b":{"0":[0,0]}}
,"E:\\My Projects\\spaceX-react-tailwind\\src\\pages\\DataGrid.jsx": {"path":"E:\\My Projects\\spaceX-react-tailwind\\src\\pages\\DataGrid.jsx","statementMap":{"0":{"start":{"line":7,"column":27},"end":{"line":7,"column":69}},"1":{"start":{"line":7,"column":50},"end":{"line":7,"column":68}},"2":{"start":{"line":8,"column":40},"end":{"line":8,"column":51}},"3":{"start":{"line":9,"column":25},"end":{"line":9,"column":36}},"4":{"start":{"line":11,"column":26},"end":{"line":11,"column":52}},"5":{"start":{"line":12,"column":27},"end":{"line":12,"column":57}},"6":{"start":{"line":13,"column":23},"end":{"line":13,"column":80}},"7":{"start":{"line":15,"column":24},"end":{"line":19,"column":3}},"8":{"start":{"line":16,"column":4},"end":{"line":18,"column":5}},"9":{"start":{"line":17,"column":6},"end":{"line":17,"column":38}},"10":{"start":{"line":20,"column":23},"end":{"line":24,"column":3}},"11":{"start":{"line":21,"column":4},"end":{"line":23,"column":5}},"12":{"start":{"line":22,"column":6},"end":{"line":22,"column":38}},"13":{"start":{"line":25,"column":2},"end":{"line":42,"column":4}},"14":{"start":{"line":31,"column":12},"end":{"line":31,"column":64}}},"fnMap":{"0":{"name":"DataGrid","decl":{"start":{"line":6,"column":9},"end":{"line":6,"column":17}},"loc":{"start":{"line":6,"column":20},"end":{"line":43,"column":1}},"line":6},"1":{"name":"(anonymous_1)","decl":{"start":{"line":7,"column":39},"end":{"line":7,"column":40}},"loc":{"start":{"line":7,"column":50},"end":{"line":7,"column":68}},"line":7},"2":{"name":"(anonymous_2)","decl":{"start":{"line":15,"column":24},"end":{"line":15,"column":25}},"loc":{"start":{"line":15,"column":30},"end":{"line":19,"column":3}},"line":15},"3":{"name":"(anonymous_3)","decl":{"start":{"line":20,"column":23},"end":{"line":20,"column":24}},"loc":{"start":{"line":20,"column":29},"end":{"line":24,"column":3}},"line":20},"4":{"name":"(anonymous_4)","decl":{"start":{"line":30,"column":27},"end":{"line":30,"column":28}},"loc":{"start":{"line":30,"column":43},"end":{"line":32,"column":11}},"line":30}},"branchMap":{"0":{"loc":{"start":{"line":16,"column":4},"end":{"line":18,"column":5}},"type":"if","locations":[{"start":{"line":16,"column":4},"end":{"line":18,"column":5}},{"start":{},"end":{}}],"line":16},"1":{"loc":{"start":{"line":21,"column":4},"end":{"line":23,"column":5}},"type":"if","locations":[{"start":{"line":21,"column":4},"end":{"line":23,"column":5}},{"start":{},"end":{}}],"line":21},"2":{"loc":{"start":{"line":28,"column":9},"end":{"line":32,"column":12}},"type":"binary-expr","locations":[{"start":{"line":28,"column":9},"end":{"line":28,"column":21}},{"start":{"line":29,"column":10},"end":{"line":29,"column":29}},{"start":{"line":30,"column":10},"end":{"line":32,"column":12}}],"line":28}},"s":{"0":0,"1":0,"2":0,"3":0,"4":0,"5":0,"6":0,"7":0,"8":0,"9":0,"10":0,"11":0,"12":0,"13":0,"14":0},"f":{"0":0,"1":0,"2":0,"3":0,"4":0},"b":{"0":[0,0],"1":[0,0],"2":[0,0,0]}}
,"E:\\My Projects\\spaceX-react-tailwind\\src\\pages\\Landing.jsx": {"path":"E:\\My Projects\\spaceX-react-tailwind\\src\\pages\\Landing.jsx","statementMap":{"0":{"start":{"line":5,"column":2},"end":{"line":116,"column":4}}},"fnMap":{"0":{"name":"Landing","decl":{"start":{"line":4,"column":9},"end":{"line":4,"column":16}},"loc":{"start":{"line":4,"column":19},"end":{"line":117,"column":1}},"line":4}},"branchMap":{},"s":{"0":0},"f":{"0":0},"b":{}}
,"E:\\My Projects\\spaceX-react-tailwind\\src\\pages\\Search.jsx": {"path":"E:\\My Projects\\spaceX-react-tailwind\\src\\pages\\Search.jsx","statementMap":{"0":{"start":{"line":7,"column":19},"end":{"line":7,"column":53}},"1":{"start":{"line":7,"column":42},"end":{"line":7,"column":52}},"2":{"start":{"line":8,"column":19},"end":{"line":8,"column":32}},"3":{"start":{"line":9,"column":36},"end":{"line":13,"column":4}},"4":{"start":{"line":15,"column":2},"end":{"line":17,"column":9}},"5":{"start":{"line":16,"column":4},"end":{"line":16,"column":22}},"6":{"start":{"line":20,"column":16},"end":{"line":20,"column":56}},"7":{"start":{"line":21,"column":21},"end":{"line":21,"column":37}},"8":{"start":{"line":22,"column":17},"end":{"line":22,"column":38}},"9":{"start":{"line":23,"column":4},"end":{"line":23,"column":36}},"10":{"start":{"line":24,"column":4},"end":{"line":24,"column":44}},"11":{"start":{"line":26,"column":19},"end":{"line":29,"column":3}},"12":{"start":{"line":27,"column":28},"end":{"line":27,"column":40}},"13":{"start":{"line":28,"column":4},"end":{"line":28,"column":57}},"14":{"start":{"line":28,"column":28},"end":{"line":28,"column":54}},"15":{"start":{"line":31,"column":23},"end":{"line":43,"column":3}},"16":{"start":{"line":32,"column":23},"end":{"line":32,"column":31}},"17":{"start":{"line":33,"column":4},"end":{"line":41,"column":7}},"18":{"start":{"line":34,"column":48},"end":{"line":34,"column":63}},"19":{"start":{"line":35,"column":6},"end":{"line":40,"column":19}},"20":{"start":{"line":40,"column":8},"end":{"line":40,"column":19}},"21":{"start":{"line":42,"column":4},"end":{"line":42,"column":52}},"22":{"start":{"line":45,"column":2},"end":{"line":64,"column":4}}},"fnMap":{"0":{"name":"Search","decl":{"start":{"line":6,"column":9},"end":{"line":6,"column":15}},"loc":{"start":{"line":6,"column":18},"end":{"line":65,"column":1}},"line":6},"1":{"name":"(anonymous_1)","decl":{"start":{"line":7,"column":31},"end":{"line":7,"column":32}},"loc":{"start":{"line":7,"column":42},"end":{"line":7,"column":52}},"line":7},"2":{"name":"(anonymous_2)","decl":{"start":{"line":15,"column":12},"end":{"line":15,"column":13}},"loc":{"start":{"line":15,"column":18},"end":{"line":17,"column":3}},"line":15},"3":{"name":"getCapsulesData","decl":{"start":{"line":19,"column":17},"end":{"line":19,"column":32}},"loc":{"start":{"line":19,"column":35},"end":{"line":25,"column":3}},"line":19},"4":{"name":"(anonymous_4)","decl":{"start":{"line":26,"column":19},"end":{"line":26,"column":20}},"loc":{"start":{"line":26,"column":35},"end":{"line":29,"column":3}},"line":26},"5":{"name":"(anonymous_5)","decl":{"start":{"line":28,"column":17},"end":{"line":28,"column":18}},"loc":{"start":{"line":28,"column":28},"end":{"line":28,"column":54}},"line":28},"6":{"name":"(anonymous_6)","decl":{"start":{"line":31,"column":23},"end":{"line":31,"column":24}},"loc":{"start":{"line":31,"column":29},"end":{"line":43,"column":3}},"line":31},"7":{"name":"(anonymous_7)","decl":{"start":{"line":33,"column":39},"end":{"line":33,"column":40}},"loc":{"start":{"line":33,"column":48},"end":{"line":41,"column":5}},"line":33}},"branchMap":{"0":{"loc":{"start":{"line":27,"column":28},"end":{"line":27,"column":40}},"type":"binary-expr","locations":[{"start":{"line":27,"column":28},"end":{"line":27,"column":34}},{"start":{"line":27,"column":38},"end":{"line":27,"column":40}}],"line":27},"1":{"loc":{"start":{"line":34,"column":48},"end":{"line":34,"column":63}},"type":"binary-expr","locations":[{"start":{"line":34,"column":48},"end":{"line":34,"column":57}},{"start":{"line":34,"column":61},"end":{"line":34,"column":63}}],"line":34},"2":{"loc":{"start":{"line":35,"column":6},"end":{"line":40,"column":19}},"type":"if","locations":[{"start":{"line":35,"column":6},"end":{"line":40,"column":19}},{"start":{},"end":{}}],"line":35},"3":{"loc":{"start":{"line":36,"column":8},"end":{"line":38,"column":41}},"type":"binary-expr","locations":[{"start":{"line":36,"column":9},"end":{"line":36,"column":46}},{"start":{"line":37,"column":9},"end":{"line":37,"column":73}},{"start":{"line":38,"column":9},"end":{"line":38,"column":40}}],"line":36},"4":{"loc":{"start":{"line":36,"column":9},"end":{"line":36,"column":46}},"type":"cond-expr","locations":[{"start":{"line":36,"column":18},"end":{"line":36,"column":39}},{"start":{"line":36,"column":42},"end":{"line":36,"column":46}}],"line":36},"5":{"loc":{"start":{"line":37,"column":9},"end":{"line":37,"column":73}},"type":"cond-expr","locations":[{"start":{"line":37,"column":27},"end":{"line":37,"column":66}},{"start":{"line":37,"column":69},"end":{"line":37,"column":73}}],"line":37},"6":{"loc":{"start":{"line":38,"column":9},"end":{"line":38,"column":40}},"type":"cond-expr","locations":[{"start":{"line":38,"column":16},"end":{"line":38,"column":33}},{"start":{"line":38,"column":36},"end":{"line":38,"column":40}}],"line":38}},"s":{"0":0,"1":0,"2":0,"3":0,"4":0,"5":0,"6":0,"7":0,"8":0,"9":0,"10":0,"11":0,"12":0,"13":0,"14":0,"15":0,"16":0,"17":0,"18":0,"19":0,"20":0,"21":0,"22":0},"f":{"0":0,"1":0,"2":0,"3":0,"4":0,"5":0,"6":0,"7":0},"b":{"0":[0,0],"1":[0,0],"2":[0,0],"3":[0,0,0],"4":[0,0],"5":[0,0],"6":[0,0]}}
}
