TN:
SF:src\App.jsx
FN:8,App
FNF:1
FNH:0
FNDA:0,App
DA:9,0
LF:1
LH:0
BRF:0
BRH:0
end_of_record
TN:
SF:src\actions.jsx
FN:4,setCapsulesData
FN:11,setFilteredCapsulesData
FNF:2
FNH:0
FNDA:0,setCapsulesData
FNDA:0,setFilteredCapsulesData
DA:1,0
DA:2,0
DA:5,0
DA:12,0
LF:4
LH:0
BRF:0
BRH:0
end_of_record
TN:
SF:src\main.jsx
FNF:0
FNH:0
DA:6,0
LF:1
LH:0
BRF:0
BRH:0
end_of_record
TN:
SF:src\utils.jsx
FN:1,capitalize
FNF:1
FNH:0
FNDA:0,capitalize
DA:2,0
LF:1
LH:0
BRDA:2,0,0,0
BRDA:2,0,1,0
BRF:2
BRH:0
end_of_record
TN:
SF:src\components\Cards.jsx
FN:4,Cards
FNF:1
FNH:0
FNDA:0,Cards
DA:5,0
DA:45,0
LF:2
LH:0
BRDA:28,0,0,0
BRDA:28,0,1,0
BRDA:30,1,0,0
BRDA:30,1,1,0
BRDA:35,2,0,0
BRDA:35,2,1,0
BRF:6
BRH:0
end_of_record
TN:
SF:src\components\InputSelect.jsx
FN:5,InputSelect
FN:6,(anonymous_1)
FN:20,(anonymous_2)
FNF:3
FNH:0
FNDA:0,InputSelect
FNDA:0,(anonymous_1)
FNDA:0,(anonymous_2)
DA:6,0
DA:7,0
DA:8,0
DA:21,0
DA:22,0
DA:23,0
DA:24,0
DA:26,0
DA:36,0
LF:9
LH:0
BRDA:16,0,0,0
BRDA:16,0,1,0
BRDA:18,1,0,0
BRDA:18,1,1,0
BRDA:18,1,2,0
BRDA:22,2,0,0
BRDA:22,2,1,0
BRF:7
BRH:0
end_of_record
TN:
SF:src\components\Pagination.jsx
FN:4,Pagination
FN:36,(anonymous_1)
FN:46,(anonymous_2)
FNF:3
FNH:0
FNDA:0,Pagination
FNDA:0,(anonymous_1)
FNDA:0,(anonymous_2)
DA:11,0
DA:37,0
DA:47,0
DA:60,0
LF:4
LH:0
BRDA:20,0,0,0
BRDA:20,0,1,0
BRF:2
BRH:0
end_of_record
TN:
SF:src\pages\DataGrid.jsx
FN:6,DataGrid
FN:7,(anonymous_1)
FN:15,(anonymous_2)
FN:20,(anonymous_3)
FN:30,(anonymous_4)
FNF:5
FNH:0
FNDA:0,DataGrid
FNDA:0,(anonymous_1)
FNDA:0,(anonymous_2)
FNDA:0,(anonymous_3)
FNDA:0,(anonymous_4)
DA:7,0
DA:8,0
DA:9,0
DA:11,0
DA:12,0
DA:13,0
DA:15,0
DA:16,0
DA:17,0
DA:20,0
DA:21,0
DA:22,0
DA:25,0
DA:31,0
LF:14
LH:0
BRDA:16,0,0,0
BRDA:16,0,1,0
BRDA:21,1,0,0
BRDA:21,1,1,0
BRDA:28,2,0,0
BRDA:28,2,1,0
BRDA:28,2,2,0
BRF:7
BRH:0
end_of_record
TN:
SF:src\pages\Landing.jsx
FN:4,Landing
FNF:1
FNH:0
FNDA:0,Landing
DA:5,0
LF:1
LH:0
BRF:0
BRH:0
end_of_record
TN:
SF:src\pages\Search.jsx
FN:6,Search
FN:7,(anonymous_1)
FN:15,(anonymous_2)
FN:19,getCapsulesData
FN:26,(anonymous_4)
FN:28,(anonymous_5)
FN:31,(anonymous_6)
FN:33,(anonymous_7)
FNF:8
FNH:0
FNDA:0,Search
FNDA:0,(anonymous_1)
FNDA:0,(anonymous_2)
FNDA:0,getCapsulesData
FNDA:0,(anonymous_4)
FNDA:0,(anonymous_5)
FNDA:0,(anonymous_6)
FNDA:0,(anonymous_7)
DA:7,0
DA:8,0
DA:9,0
DA:15,0
DA:16,0
DA:20,0
DA:21,0
DA:22,0
DA:23,0
DA:24,0
DA:26,0
DA:27,0
DA:28,0
DA:31,0
DA:32,0
DA:33,0
DA:34,0
DA:35,0
DA:40,0
DA:42,0
DA:45,0
LF:21
LH:0
BRDA:27,0,0,0
BRDA:27,0,1,0
BRDA:34,1,0,0
BRDA:34,1,1,0
BRDA:35,2,0,0
BRDA:35,2,1,0
BRDA:36,3,0,0
BRDA:36,3,1,0
BRDA:36,3,2,0
BRDA:36,4,0,0
BRDA:36,4,1,0
BRDA:37,5,0,0
BRDA:37,5,1,0
BRDA:38,6,0,0
BRDA:38,6,1,0
BRF:15
BRH:0
end_of_record
